<?xml version="1.0" encoding="UTF-8"?>
<testsuite name="com.aoruc.todo.TodolistApplicationTests" tests="1" skipped="0" failures="0" errors="0" timestamp="2018-11-16T23:16:08" hostname="homeoffice" time="0.214">
  <properties/>
  <testcase name="contextLoads" classname="com.aoruc.todo.TodolistApplicationTests" time="0.214"/>
  <system-out><![CDATA[02:16:03.476 [Test worker] DEBUG org.springframework.test.context.junit4.SpringJUnit4ClassRunner - SpringJUnit4ClassRunner constructor called with [class com.aoruc.todo.TodolistApplicationTests]
02:16:03.488 [Test worker] DEBUG org.springframework.test.context.BootstrapUtils - Instantiating CacheAwareContextLoaderDelegate from class [org.springframework.test.context.cache.DefaultCacheAwareContextLoaderDelegate]
02:16:03.499 [Test worker] DEBUG org.springframework.test.context.BootstrapUtils - Instantiating BootstrapContext using constructor [public org.springframework.test.context.support.DefaultBootstrapContext(java.lang.Class,org.springframework.test.context.CacheAwareContextLoaderDelegate)]
02:16:03.519 [Test worker] DEBUG org.springframework.test.context.BootstrapUtils - Instantiating TestContextBootstrapper for test class [com.aoruc.todo.TodolistApplicationTests] from class [org.springframework.boot.test.context.SpringBootTestContextBootstrapper]
02:16:03.533 [Test worker] INFO org.springframework.boot.test.context.SpringBootTestContextBootstrapper - Neither @ContextConfiguration nor @ContextHierarchy found for test class [com.aoruc.todo.TodolistApplicationTests], using SpringBootContextLoader
02:16:03.537 [Test worker] DEBUG org.springframework.test.context.support.AbstractContextLoader - Did not detect default resource location for test class [com.aoruc.todo.TodolistApplicationTests]: class path resource [com/aoruc/todo/TodolistApplicationTests-context.xml] does not exist
02:16:03.537 [Test worker] DEBUG org.springframework.test.context.support.AbstractContextLoader - Did not detect default resource location for test class [com.aoruc.todo.TodolistApplicationTests]: class path resource [com/aoruc/todo/TodolistApplicationTestsContext.groovy] does not exist
02:16:03.538 [Test worker] INFO org.springframework.test.context.support.AbstractContextLoader - Could not detect default resource locations for test class [com.aoruc.todo.TodolistApplicationTests]: no resource found for suffixes {-context.xml, Context.groovy}.
02:16:03.539 [Test worker] INFO org.springframework.test.context.support.AnnotationConfigContextLoaderUtils - Could not detect default configuration classes for test class [com.aoruc.todo.TodolistApplicationTests]: TodolistApplicationTests does not declare any static, non-private, non-final, nested classes annotated with @Configuration.
02:16:03.581 [Test worker] DEBUG org.springframework.test.context.support.ActiveProfilesUtils - Could not find an 'annotation declaring class' for annotation type [org.springframework.test.context.ActiveProfiles] and class [com.aoruc.todo.TodolistApplicationTests]
02:16:03.655 [Test worker] DEBUG org.springframework.context.annotation.ClassPathScanningCandidateComponentProvider - Identified candidate component class: file [C:\Users\sdulger\Documents\workspace-sts-3.9.2.RELEASE\partek\todolist\build\classes\java\main\com\aoruc\todo\TodolistApplication.class]
02:16:03.657 [Test worker] INFO org.springframework.boot.test.context.SpringBootTestContextBootstrapper - Found @SpringBootConfiguration com.aoruc.todo.TodolistApplication for test class com.aoruc.todo.TodolistApplicationTests
02:16:03.766 [Test worker] DEBUG org.springframework.boot.test.context.SpringBootTestContextBootstrapper - @TestExecutionListeners is not present for class [com.aoruc.todo.TodolistApplicationTests]: using defaults.
02:16:03.767 [Test worker] INFO org.springframework.boot.test.context.SpringBootTestContextBootstrapper - Loaded default TestExecutionListener class names from location [META-INF/spring.factories]: [org.springframework.boot.test.autoconfigure.restdocs.RestDocsTestExecutionListener, org.springframework.boot.test.autoconfigure.web.client.MockRestServiceServerResetTestExecutionListener, org.springframework.boot.test.autoconfigure.web.servlet.MockMvcPrintOnlyOnFailureTestExecutionListener, org.springframework.boot.test.autoconfigure.web.servlet.WebDriverTestExecutionListener, org.springframework.boot.test.mock.mockito.MockitoTestExecutionListener, org.springframework.boot.test.mock.mockito.ResetMocksTestExecutionListener, org.springframework.test.context.web.ServletTestExecutionListener, org.springframework.test.context.support.DirtiesContextBeforeModesTestExecutionListener, org.springframework.test.context.support.DependencyInjectionTestExecutionListener, org.springframework.test.context.support.DirtiesContextTestExecutionListener, org.springframework.test.context.transaction.TransactionalTestExecutionListener, org.springframework.test.context.jdbc.SqlScriptsTestExecutionListener]
02:16:03.784 [Test worker] INFO org.springframework.boot.test.context.SpringBootTestContextBootstrapper - Using TestExecutionListeners: [org.springframework.test.context.web.ServletTestExecutionListener@7c129bd9, org.springframework.test.context.support.DirtiesContextBeforeModesTestExecutionListener@7eb5bb8a, org.springframework.boot.test.mock.mockito.MockitoTestExecutionListener@b45851b, org.springframework.boot.test.autoconfigure.SpringBootDependencyInjectionTestExecutionListener@3d8d56e8, org.springframework.test.context.support.DirtiesContextTestExecutionListener@55a9ded3, org.springframework.test.context.transaction.TransactionalTestExecutionListener@6935607, org.springframework.test.context.jdbc.SqlScriptsTestExecutionListener@21596693, org.springframework.boot.test.autoconfigure.restdocs.RestDocsTestExecutionListener@76b45e46, org.springframework.boot.test.autoconfigure.web.client.MockRestServiceServerResetTestExecutionListener@6df04905, org.springframework.boot.test.autoconfigure.web.servlet.MockMvcPrintOnlyOnFailureTestExecutionListener@714f09d2, org.springframework.boot.test.autoconfigure.web.servlet.WebDriverTestExecutionListener@1b488496, org.springframework.boot.test.mock.mockito.ResetMocksTestExecutionListener@4fdabfd7]
02:16:03.787 [Test worker] DEBUG org.springframework.test.annotation.ProfileValueUtils - Retrieved @ProfileValueSourceConfiguration [null] for test class [com.aoruc.todo.TodolistApplicationTests]
02:16:03.788 [Test worker] DEBUG org.springframework.test.annotation.ProfileValueUtils - Retrieved ProfileValueSource type [class org.springframework.test.annotation.SystemProfileValueSource] for class [com.aoruc.todo.TodolistApplicationTests]
02:16:03.788 [Test worker] DEBUG org.springframework.test.annotation.ProfileValueUtils - Retrieved @ProfileValueSourceConfiguration [null] for test class [com.aoruc.todo.TodolistApplicationTests]
02:16:03.789 [Test worker] DEBUG org.springframework.test.annotation.ProfileValueUtils - Retrieved ProfileValueSource type [class org.springframework.test.annotation.SystemProfileValueSource] for class [com.aoruc.todo.TodolistApplicationTests]
02:16:03.793 [Test worker] DEBUG org.springframework.test.context.support.AbstractDirtiesContextTestExecutionListener - Before test class: context [DefaultTestContext@23a9d2a2 testClass = TodolistApplicationTests, testInstance = [null], testMethod = [null], testException = [null], mergedContextConfiguration = [WebMergedContextConfiguration@31a5832b testClass = TodolistApplicationTests, locations = '{}', classes = '{class com.aoruc.todo.TodolistApplication}', contextInitializerClasses = '[]', activeProfiles = '{}', propertySourceLocations = '{}', propertySourceProperties = '{org.springframework.boot.test.context.SpringBootTestContextBootstrapper=true}', contextCustomizers = set[org.springframework.boot.test.autoconfigure.properties.PropertyMappingContextCustomizer@0, org.springframework.boot.test.autoconfigure.web.servlet.WebDriverContextCustomizerFactory$Customizer@749b2e50, org.springframework.boot.test.context.filter.ExcludeFilterContextCustomizer@632bb224, org.springframework.boot.test.json.DuplicateJsonObjectContextCustomizerFactory$DuplicateJsonObjectContextCustomizer@74454537, org.springframework.boot.test.mock.mockito.MockitoContextCustomizer@0, org.springframework.boot.test.web.client.TestRestTemplateContextCustomizer@4a6cb505], resourceBasePath = 'src/main/webapp', contextLoader = 'org.springframework.boot.test.context.SpringBootContextLoader', parent = [null]], attributes = map['org.springframework.test.context.web.ServletTestExecutionListener.activateListener' -> true]], class annotated with @DirtiesContext [false] with mode [null].
02:16:03.794 [Test worker] DEBUG org.springframework.test.annotation.ProfileValueUtils - Retrieved @ProfileValueSourceConfiguration [null] for test class [com.aoruc.todo.TodolistApplicationTests]
02:16:03.794 [Test worker] DEBUG org.springframework.test.annotation.ProfileValueUtils - Retrieved ProfileValueSource type [class org.springframework.test.annotation.SystemProfileValueSource] for class [com.aoruc.todo.TodolistApplicationTests]
02:16:03.824 [Test worker] DEBUG org.springframework.test.context.support.TestPropertySourceUtils - Adding inlined properties to environment: {spring.jmx.enabled=false, org.springframework.boot.test.context.SpringBootTestContextBootstrapper=true, server.port=-1}

  .   ____          _            __ _ _
 /\\ / ___'_ __ _ _(_)_ __  __ _ \ \ \ \
( ( )\___ | '_ | '_| | '_ \/ _` | \ \ \ \
 \\/  ___)| |_)| | | | | || (_| |  ) ) ) )
  '  |____| .__|_| |_|_| |_\__, | / / / /
 =========|_|==============|___/=/_/_/_/
 :: Spring Boot ::        (v2.1.0.RELEASE)

2018-11-17 02:16:04.131  INFO 4388 --- [    Test worker] com.aoruc.todo.TodolistApplicationTests  : Starting TodolistApplicationTests on homeoffice with PID 4388 (started by sdulger in C:\Users\sdulger\Documents\workspace-sts-3.9.2.RELEASE\partek\todolist)
2018-11-17 02:16:04.133  INFO 4388 --- [    Test worker] com.aoruc.todo.TodolistApplicationTests  : No active profile set, falling back to default profiles: default
2018-11-17 02:16:04.882  INFO 4388 --- [    Test worker] .s.d.r.c.RepositoryConfigurationDelegate : Bootstrapping Spring Data repositories in DEFAULT mode.
2018-11-17 02:16:04.967  INFO 4388 --- [    Test worker] .s.d.r.c.RepositoryConfigurationDelegate : Finished Spring Data repository scanning in 78ms. Found 1 repository interfaces.
2018-11-17 02:16:06.386  INFO 4388 --- [    Test worker] org.mongodb.driver.cluster               : Cluster created with settings {hosts=[192.168.35.10:27017], mode=MULTIPLE, requiredClusterType=UNKNOWN, serverSelectionTimeout='30000 ms', maxWaitQueueSize=500}
2018-11-17 02:16:06.386  INFO 4388 --- [    Test worker] org.mongodb.driver.cluster               : Adding discovered server 192.168.35.10:27017 to client view of cluster
2018-11-17 02:16:07.439  WARN 4388 --- [    Test worker] o.s.security.core.userdetails.User       : User.withDefaultPasswordEncoder() is considered unsafe for production and is only intended for sample applications.
2018-11-17 02:16:07.786  INFO 4388 --- [    Test worker] o.s.s.web.DefaultSecurityFilterChain     : Creating filter chain: any request, [org.springframework.security.web.context.request.async.WebAsyncManagerIntegrationFilter@526e1645, org.springframework.security.web.context.SecurityContextPersistenceFilter@10782b63, org.springframework.security.web.header.HeaderWriterFilter@64eb59c, org.springframework.web.filter.CorsFilter@2aeb17f7, org.springframework.security.web.authentication.logout.LogoutFilter@4a26467b, org.springframework.security.web.authentication.www.BasicAuthenticationFilter@20a6adbd, org.springframework.security.web.savedrequest.RequestCacheAwareFilter@658e735d, org.springframework.security.web.servletapi.SecurityContextHolderAwareRequestFilter@6392b3e3, org.springframework.security.web.authentication.AnonymousAuthenticationFilter@76b3ffc5, org.springframework.security.web.session.SessionManagementFilter@231dcd74, org.springframework.security.web.access.ExceptionTranslationFilter@1032177a, org.springframework.security.web.access.intercept.FilterSecurityInterceptor@2a9cc10b]
2018-11-17 02:16:08.432  INFO 4388 --- [    Test worker] com.aoruc.todo.TodolistApplicationTests  : Started TodolistApplicationTests in 4.599 seconds (JVM running for 5.853)
]]></system-out>
  <system-err><![CDATA[]]></system-err>
</testsuite>
